<?xml version="1.0" encoding="UTF-8" ?>
<testsuite errors="0" failures="0" hostname="MacBook.local" name="projektor.TracecardControllerTests" tests="1" time="0.581" timestamp="2010-06-04T07:23:29">
  <properties />
  <testcase classname="projektor.TracecardControllerTests" name="testRenderIndex" time="0.564" />
  <system-out><![CDATA[--Output from testRenderIndex--
]]></system-out>
  <system-err><![CDATA[--Output from testRenderIndex--
]]></system-err>
</testsuite>
